2025-10-18 13:26:05 [main] INFO  o.e.staradmin.StarAdminApplication - Starting StarAdminApplication using Java 21.0.7 with PID 28820 (C:\Users\HP\Desktop\Best\Star\backend\Star-java\Star-admin\target\classes started by HP in C:\Users\HP\Desktop\Best\Star\backend\Star-java)
2025-10-18 13:26:05 [main] INFO  o.e.staradmin.StarAdminApplication - No active profile set, falling back to 1 default profile: "default"
2025-10-18 13:26:06 [main] INFO  o.s.b.w.e.tomcat.TomcatWebServer - Tomcat initialized with port 10001 (http)
2025-10-18 13:26:06 [main] INFO  o.a.catalina.core.StandardService - Starting service [Tomcat]
2025-10-18 13:26:06 [main] INFO  o.a.catalina.core.StandardEngine - Starting Servlet engine: [Apache Tomcat/10.1.46]
2025-10-18 13:26:06 [main] INFO  o.a.c.c.C.[Tomcat].[localhost].[/] - Initializing Spring embedded WebApplicationContext
2025-10-18 13:26:06 [main] INFO  o.s.b.w.s.c.ServletWebServerApplicationContext - Root WebApplicationContext: initialization completed in 680 ms
2025-10-18 13:26:06 [main] INFO  o.s.b.w.e.tomcat.TomcatWebServer - Tomcat started on port 10001 (http) with context path '/'
2025-10-18 13:26:06 [main] INFO  o.e.staradmin.StarAdminApplication - Started StarAdminApplication in 1.39 seconds (process running for 1.803)
2025-10-18 13:26:17 [SpringApplicationShutdownHook] INFO  o.s.b.w.e.tomcat.GracefulShutdown - Commencing graceful shutdown. Waiting for active requests to complete
2025-10-18 13:26:17 [tomcat-shutdown] INFO  o.s.b.w.e.tomcat.GracefulShutdown - Graceful shutdown complete
2025-10-18 13:27:30 [main] INFO  o.e.staradmin.StarAdminApplication - Starting StarAdminApplication using Java 21.0.7 with PID 27804 (C:\Users\HP\Desktop\Best\Star\backend\Star-java\Star-admin\target\classes started by HP in C:\Users\HP\Desktop\Best\Star\backend\Star-java)
2025-10-18 13:27:30 [main] INFO  o.e.staradmin.StarAdminApplication - No active profile set, falling back to 1 default profile: "default"
2025-10-18 13:27:31 [main] INFO  o.s.b.w.e.tomcat.TomcatWebServer - Tomcat initialized with port 10001 (http)
2025-10-18 13:27:31 [main] INFO  o.a.catalina.core.StandardService - Starting service [Tomcat]
2025-10-18 13:27:31 [main] INFO  o.a.catalina.core.StandardEngine - Starting Servlet engine: [Apache Tomcat/10.1.46]
2025-10-18 13:27:31 [main] INFO  o.a.c.c.C.[Tomcat].[localhost].[/] - Initializing Spring embedded WebApplicationContext
2025-10-18 13:27:31 [main] INFO  o.s.b.w.s.c.ServletWebServerApplicationContext - Root WebApplicationContext: initialization completed in 643 ms
2025-10-18 13:27:31 [main] INFO  o.s.b.w.e.tomcat.TomcatWebServer - Tomcat started on port 10001 (http) with context path '/'
2025-10-18 13:27:31 [main] INFO  o.e.staradmin.StarAdminApplication - Started StarAdminApplication in 1.352 seconds (process running for 1.758)
2025-10-18 13:28:54 [SpringApplicationShutdownHook] INFO  o.s.b.w.e.tomcat.GracefulShutdown - Commencing graceful shutdown. Waiting for active requests to complete
2025-10-18 13:28:54 [tomcat-shutdown] INFO  o.s.b.w.e.tomcat.GracefulShutdown - Graceful shutdown complete
2025-10-18 13:33:00 [main] INFO  o.example.starweb.StarWebApplication - Starting StarWebApplication using Java 21.0.7 with PID 10184 (C:\Users\HP\Desktop\Best\Star\backend\Star-java\Star-web\target\classes started by HP in C:\Users\HP\Desktop\Best\Star\backend\Star-java)
2025-10-18 13:33:00 [main] INFO  o.example.starweb.StarWebApplication - No active profile set, falling back to 1 default profile: "default"
2025-10-18 13:33:01 [main] INFO  o.s.b.w.e.tomcat.TomcatWebServer - Tomcat initialized with port 10003 (http)
2025-10-18 13:33:01 [main] INFO  o.a.catalina.core.StandardService - Starting service [Tomcat]
2025-10-18 13:33:01 [main] INFO  o.a.catalina.core.StandardEngine - Starting Servlet engine: [Apache Tomcat/10.1.46]
2025-10-18 13:33:01 [main] INFO  o.a.c.c.C.[Tomcat].[localhost].[/] - Initializing Spring embedded WebApplicationContext
2025-10-18 13:33:01 [main] INFO  o.s.b.w.s.c.ServletWebServerApplicationContext - Root WebApplicationContext: initialization completed in 763 ms
2025-10-18 13:33:01 [main] INFO  o.s.b.w.e.tomcat.TomcatWebServer - Tomcat started on port 10003 (http) with context path '/'
2025-10-18 13:33:01 [main] INFO  o.example.starweb.StarWebApplication - Started StarWebApplication in 1.485 seconds (process running for 1.907)
2025-10-18 13:33:54 [SpringApplicationShutdownHook] INFO  o.s.b.w.e.tomcat.GracefulShutdown - Commencing graceful shutdown. Waiting for active requests to complete
2025-10-18 13:33:54 [tomcat-shutdown] INFO  o.s.b.w.e.tomcat.GracefulShutdown - Graceful shutdown complete
